<?xml version="1.0" encoding="UTF-8"?>
<!-- Generated by org.testng.reporters.JUnitReportReporter -->
<testsuite hostname="DESKTOP-PUVS58N" failures="0" tests="3" name="cucumber.TestNGRunnner" time="63.876" errors="0" timestamp="2024-08-31T22:04:17 IST" skipped="0">
  <testcase classname="cucumber.TestNGRunnner" name="runScenario" time="19.678"/>
  <system-out/>
  <testcase classname="cucumber.TestNGRunnner" name="runScenario" time="29.191"/>
  <system-out/>
  <testcase classname="cucumber.TestNGRunnner" name="runScenario" time="15.007"/>
  <system-out/>
</testsuite> <!-- cucumber.TestNGRunnner -->
