<?xml version="1.0" encoding="UTF-8"?>
<!-- Generated by org.testng.reporters.JUnitReportReporter -->
<testsuite hostname="DESKTOP-PUVS58N" failures="0" tests="3" name="kowsalyaLearning.tests.SubmitOrderTest" time="40.946" errors="0" timestamp="2024-09-13T15:03:50 IST" skipped="0">
  <testcase classname="kowsalyaLearning.tests.SubmitOrderTest" name="orderHistoryTest" time="20.963"/>
  <system-out/>
  <testcase classname="kowsalyaLearning.tests.SubmitOrderTest" name="submitOrder" time="9.321"/>
  <system-out/>
  <testcase classname="kowsalyaLearning.tests.SubmitOrderTest" name="submitOrder" time="10.662"/>
  <system-out/>
</testsuite> <!-- kowsalyaLearning.tests.SubmitOrderTest -->
