<?xml version="1.0" encoding="UTF-8"?>
<!-- Generated by org.testng.reporters.JUnitReportReporter -->
<testsuite hostname="DESKTOP-PUVS58N" failures="0" tests="2" name="kowsalyaLearning.tests.ErrorValidationsTest" time="16.368" errors="0" timestamp="2024-09-14T10:53:20 IST" skipped="0">
  <testcase classname="kowsalyaLearning.tests.ErrorValidationsTest" name="ProductErrorValidations" time="11.001"/>
  <system-out/>
  <testcase classname="kowsalyaLearning.tests.ErrorValidationsTest" name="LoginErrorValidations" time="5.367"/>
  <system-out/>
</testsuite> <!-- kowsalyaLearning.tests.ErrorValidationsTest -->
