<?xml version="1.0" encoding="UTF-8"?>
<!-- Generated by org.testng.reporters.JUnitReportReporter -->
<testsuite hostname="DESKTOP-PUVS58N" failures="0" tests="3" name="cucumber.TestNGRunnner" time="41.402" errors="0" timestamp="2024-09-14T10:59:47 IST" skipped="0">
  <testcase classname="cucumber.TestNGRunnner" name="runScenario" time="16.733"/>
  <testcase classname="cucumber.TestNGRunnner" name="runScenario" time="11.614"/>
  <testcase classname="cucumber.TestNGRunnner" name="runScenario" time="13.055"/>
</testsuite> <!-- cucumber.TestNGRunnner -->
