<?xml version="1.0" encoding="UTF-8"?>
<!-- Generated by org.testng.reporters.JUnitReportReporter -->
<testsuite hostname="DESKTOP-PUVS58N" failures="0" tests="3" name="kowsalyaLearning.tests.SubmitOrderTest" time="33.733" errors="0" timestamp="2024-09-14T10:59:47 IST" skipped="0">
  <testcase classname="kowsalyaLearning.tests.SubmitOrderTest" name="orderHistoryTest" time="9.461"/>
  <testcase classname="kowsalyaLearning.tests.SubmitOrderTest" name="submitOrder" time="13.721"/>
  <testcase classname="kowsalyaLearning.tests.SubmitOrderTest" name="submitOrder" time="10.551"/>
</testsuite> <!-- kowsalyaLearning.tests.SubmitOrderTest -->
