<?xml version="1.0" encoding="UTF-8"?>
<!-- Generated by org.testng.reporters.JUnitReportReporter -->
<testsuite hostname="DESKTOP-PUVS58N" failures="0" tests="2" name="kowsalyaLearning.tests.ErrorValidationsTest" time="28.864" errors="0" timestamp="2024-09-14T10:59:46 IST" skipped="0">
  <testcase classname="kowsalyaLearning.tests.ErrorValidationsTest" name="LoginErrorValidations" time="11.839"/>
  <testcase classname="kowsalyaLearning.tests.ErrorValidationsTest" name="ProductErrorValidations" time="17.025"/>
</testsuite> <!-- kowsalyaLearning.tests.ErrorValidationsTest -->
